[INFO] ==================== STAREA SISTEMULUI ====================
[INFO] Data si ora: 2025-11-17 17:35:38
[INFO] Hostname: Ubuntu22042
[INFO] Uptime: up 7 minutes
[INFO] ----------------------------------------
[INFO] Utilizare CPU:
[INFO]   User: 25.7%, System: 15.7%, Idle: 51.4%
[INFO] Media de incarcare: 0.62, 0.97, 0.56
[INFO] ----------------------------------------
[INFO] Utilizare memorie:
[INFO]   Total: 5.6Gi, Used: 2.3Gi, Free: 643Mi
[INFO]   Swap Total: 2.0Gi, Used: 0B, Free: 2.0Gi
[INFO] ----------------------------------------
[INFO] Utilizare disk:
[INFO]   Total: 49G, Used: 27G, Available: 20G, Usage: 58%
[INFO] ----------------------------------------
[INFO] Utilizare retea:
[WARN]   Interfața de rețea enp0s3
enp0s8 nu este disponibilă sau nu are fișierele de statistică.
[INFO] ----------------------------------------
[INFO] Temperatura CPU:
[INFO] ----------------------------------------
[INFO] Procese active: 243
[INFO] Top 5 procese ce consuma memorie:
[INFO]   PID: 1905, CMD: java, MEM: 10.1%
[INFO]   PID: 3320, CMD: gnome-shell, MEM: 8.2%
[INFO]   PID: 4231, CMD: code, MEM: 7.7%
[INFO]   PID: 4203, CMD: code, MEM: 5.7%
[INFO]   PID: 4124, CMD: code, MEM: 3.1%
[INFO] ----------------------------------------
[INFO] Utilizatori logati:
[INFO]   User: cris, Terminal: tty2, Login Time: 2025-11-17 17:29
[INFO] ----------------------------------------
[INFO] Servicii active (systemd):
[INFO]   accounts-daemon.service
[INFO]   acpid.service
[INFO]   avahi-daemon.service
[INFO]   colord.service
[INFO]   containerd.service
[INFO]   cron.service
[INFO]   cups-browsed.service
[INFO]   cups.service
[INFO]   dbus.service
[INFO]   docker.service
[INFO]   gdm.service
[INFO]   irqbalance.service
[INFO]   kerneloops.service
[INFO]   ModemManager.service
[INFO]   networkd-dispatcher.service
[INFO]   NetworkManager.service
[INFO]   packagekit.service
[INFO]   polkit.service
[INFO]   power-profiles-daemon.service
[INFO]   rsyslog.service
[INFO]   rtkit-daemon.service
[INFO]   snapd.service
[INFO]   switcheroo-control.service
[INFO]   systemd-journald.service
[INFO]   systemd-logind.service
[INFO]   systemd-oomd.service
[INFO]   systemd-resolved.service
[INFO]   systemd-timesyncd.service
[INFO]   systemd-udevd.service
[INFO]   udisks2.service
[INFO]   unattended-upgrades.service
[INFO]   upower.service
[INFO]   user@1000.service
[INFO]   wpa_supplicant.service
[INFO]   LOAD
[INFO]   ACTIVE
[INFO]   SUB
[INFO]   34
[INFO] =====================================================
